#
# There is insufficient memory for the Java Runtime Environment to continue.
# Native memory allocation (mmap) failed to map 268435456 bytes for G1 virtual space
# Possible reasons:
#   The system is out of physical RAM or swap space
#   The process is running with CompressedOops enabled, and the Java Heap may be blocking the growth of the native heap
# Possible solutions:
#   Reduce memory load on the system
#   Increase physical memory or swap space
#   Check if swap backing store is full
#   Decrease Java heap size (-Xmx/-Xms)
#   Decrease number of Java threads
#   Decrease Java thread stack sizes (-Xss)
#   Set larger code cache with -XX:ReservedCodeCacheSize=
#   JVM is running with Zero Based Compressed Oops mode in which the Java heap is
#     placed in the first 32GB address space. The Java Heap base address is the
#     maximum limit for the native heap growth. Please use -XX:HeapBaseMinAddress
#     to set the Java Heap base and to place the Java Heap above 32GB virtual address.
# This output file may be truncated or incomplete.
#
#  Out of Memory Error (os_windows.cpp:3536), pid=12780, tid=16944
#
# JRE version:  (19.0.2+7) (build )
# Java VM: Java HotSpot(TM) 64-Bit Server VM (19.0.2+7-44, mixed mode, sharing, tiered, compressed oops, compressed class ptrs, g1 gc, windows-amd64)
# No core dump will be written. Minidumps are not enabled by default on client versions of Windows
#

---------------  S U M M A R Y ------------

Command Line: -Dfile.encoding=UTF-8 --module-path=D:\Programs\Workspace\NetBeansProjects\Assignment 2\build\classes ui.MainJFrame

Host: Intel(R) Core(TM) i7-9750H CPU @ 2.60GHz, 12 cores, 15G,  Windows 11 , 64 bit Build 22621 (10.0.22621.3958)
Time: Tue Oct  1 15:27:02 2024 Eastern Daylight Time elapsed time: 0.093647 seconds (0d 0h 0m 0s)

---------------  T H R E A D  ---------------

Current thread (0x000001e77f4a0d00):  JavaThread "Unknown thread" [_thread_in_vm, id=16944, stack(0x000000559db00000,0x000000559dc00000)]

Stack: [0x000000559db00000,0x000000559dc00000]
Native frames: (J=compiled Java code, j=interpreted, Vv=VM code, C=native code)
V  [jvm.dll+0x6ee21a]
V  [jvm.dll+0x85765e]
V  [jvm.dll+0x85904e]
V  [jvm.dll+0x859703]
V  [jvm.dll+0x28298f]
V  [jvm.dll+0x6eb009]
V  [jvm.dll+0x6dfbaa]
V  [jvm.dll+0x3573f6]
V  [jvm.dll+0x35ee56]
V  [jvm.dll+0x3b541e]
V  [jvm.dll+0x3b564f]
V  [jvm.dll+0x32c9ea]
V  [jvm.dll+0x32d89e]
V  [jvm.dll+0x821780]
V  [jvm.dll+0x3c2661]
V  [jvm.dll+0x801f51]
V  [jvm.dll+0x44ae8f]
V  [jvm.dll+0x44c811]
C  [jli.dll+0x5287]
C  [ucrtbase.dll+0x29333]
C  [KERNEL32.DLL+0x1257d]
C  [ntdll.dll+0x5af28]


---------------  P R O C E S S  ---------------

Threads class SMR info:
_java_thread_list=0x00007ff9aa9fd048, length=0, elements={
}

Java Threads: ( => current thread )

Other Threads:
  0x000001e77f5136c0 WorkerThread "GC Thread#0" [stack: 0x000000559dc00000,0x000000559dd00000] [id=41132]
  0x000001e77f524680 ConcurrentGCThread "G1 Main Marker" [stack: 0x000000559dd00000,0x000000559de00000] [id=43944]
  0x000001e77f525850 WorkerThread "G1 Conc#0" [stack: 0x000000559de00000,0x000000559df00000] [id=16640]

[error occurred during error reporting (printing all threads), id 0xc0000005, EXCEPTION_ACCESS_VIOLATION (0xc0000005) at pc=0x00007ff9aa1bd427]

VM state: not at safepoint (not fully initialized)

VM Mutex/Monitor currently owned by a thread:  ([mutex/lock_event])
[0x000001e77f49df90] Heap_lock - owner thread: 0x000001e77f4a0d00

Heap address: 0x0000000701400000, size: 4076 MB, Compressed Oops mode: Zero based, Oop shift amount: 3

CDS archive(s) mapped at: [0x0000000000000000-0x0000000000000000-0x0000000000000000), size 0, SharedBaseAddress: 0x0000000800000000, ArchiveRelocationMode: 0.
Narrow klass base: 0x0000000000000000, Narrow klass shift: 0, Narrow klass range: 0x0

GC Precious Log:
 CardTable entry size: 512
 Card Set container configuration: InlinePtr #cards 4 size 8 Array Of Cards #cards 16 size 48 Howl #buckets 8 coarsen threshold 3686 Howl Bitmap #cards 512 size 80 coarsen threshold 460 Card regions per heap region 1 cards per card region 4096

Heap:
 garbage-first heap   total 0K, used 0K [0x0000000701400000, 0x0000000800000000)
  region size 2048K, 0 young (0K), 0 survivors (0K)

[error occurred during error reporting (printing heap information), id 0xc0000005, EXCEPTION_ACCESS_VIOLATION (0xc0000005) at pc=0x00007ff9aa5c6649]

GC Heap History (0 events):
No events

Dll operation events (1 events):
Event: 0.052 Loaded shared library C:\Program Files\Java\jdk-19\bin\java.dll

Deoptimization events (0 events):
No events

Classes loaded (0 events):
No events

Classes unloaded (0 events):
No events

Classes redefined (0 events):
No events

Internal exceptions (0 events):
No events

VM Operations (0 events):
No events

Events (0 events):
No events


Dynamic libraries:
0x00007ff7f9ca0000 - 0x00007ff7f9cb0000 	C:\Program Files\Java\jdk-19\bin\java.exe
0x00007ffa1bbd0000 - 0x00007ffa1bde7000 	C:\WINDOWS\SYSTEM32\ntdll.dll
0x00007ffa1a2a0000 - 0x00007ffa1a364000 	C:\WINDOWS\System32\KERNEL32.DLL
0x00007ffa19420000 - 0x00007ffa197cd000 	C:\WINDOWS\System32\KERNELBASE.dll
0x00007ffa18ef0000 - 0x00007ffa19001000 	C:\WINDOWS\System32\ucrtbase.dll
0x00007ffa14290000 - 0x00007ffa142ab000 	C:\Program Files\Java\jdk-19\bin\VCRUNTIME140.dll
0x00007ffa13120000 - 0x00007ffa13138000 	C:\Program Files\Java\jdk-19\bin\jli.dll
0x00007ffa1a540000 - 0x00007ffa1a5f2000 	C:\WINDOWS\System32\ADVAPI32.dll
0x00007ffa1a600000 - 0x00007ffa1a6a7000 	C:\WINDOWS\System32\msvcrt.dll
0x00007ffa1b4d0000 - 0x00007ffa1b579000 	C:\WINDOWS\System32\sechost.dll
0x00007ffa191b0000 - 0x00007ffa191d8000 	C:\WINDOWS\System32\bcrypt.dll
0x00007ffa19a40000 - 0x00007ffa19b54000 	C:\WINDOWS\System32\RPCRT4.dll
0x00007ffa1a390000 - 0x00007ffa1a53e000 	C:\WINDOWS\System32\USER32.dll
0x00007ffa19010000 - 0x00007ffa19036000 	C:\WINDOWS\System32\win32u.dll
0x00007ffa005e0000 - 0x00007ffa00873000 	C:\WINDOWS\WinSxS\amd64_microsoft.windows.common-controls_6595b64144ccf1df_6.0.22621.3672_none_2713b9d173822955\COMCTL32.dll
0x00007ffa19990000 - 0x00007ffa199b9000 	C:\WINDOWS\System32\GDI32.dll
0x00007ffa191e0000 - 0x00007ffa192f9000 	C:\WINDOWS\System32\gdi32full.dll
0x00007ffa19300000 - 0x00007ffa1939a000 	C:\WINDOWS\System32\msvcp_win.dll
0x00007ffa10310000 - 0x00007ffa1031a000 	C:\WINDOWS\SYSTEM32\VERSION.dll
0x00007ffa1b5e0000 - 0x00007ffa1b611000 	C:\WINDOWS\System32\IMM32.DLL
0x00007ffa14a80000 - 0x00007ffa14a8c000 	C:\Program Files\Java\jdk-19\bin\vcruntime140_1.dll
0x00007ff9f5750000 - 0x00007ff9f57de000 	C:\Program Files\Java\jdk-19\bin\msvcp140.dll
0x00007ff9a9e80000 - 0x00007ff9aab40000 	C:\Program Files\Java\jdk-19\bin\server\jvm.dll
0x00007ffa12fc0000 - 0x00007ffa12ff4000 	C:\WINDOWS\SYSTEM32\WINMM.dll
0x00007ff9ff2d0000 - 0x00007ff9ff2d9000 	C:\WINDOWS\SYSTEM32\WSOCK32.dll
0x00007ffa19be0000 - 0x00007ffa19c51000 	C:\WINDOWS\System32\WS2_32.dll
0x00007ffa17ff0000 - 0x00007ffa18008000 	C:\WINDOWS\SYSTEM32\kernel.appcore.dll
0x00007ffa14480000 - 0x00007ffa1448a000 	C:\Program Files\Java\jdk-19\bin\jimage.dll
0x00007ffa15e10000 - 0x00007ffa16042000 	C:\WINDOWS\SYSTEM32\DBGHELP.DLL
0x00007ffa1b620000 - 0x00007ffa1b9ae000 	C:\WINDOWS\System32\combase.dll
0x00007ffa1bab0000 - 0x00007ffa1bb87000 	C:\WINDOWS\System32\OLEAUT32.dll
0x00007ffa005a0000 - 0x00007ffa005d2000 	C:\WINDOWS\SYSTEM32\dbgcore.DLL
0x00007ffa193a0000 - 0x00007ffa1941b000 	C:\WINDOWS\System32\bcryptPrimitives.dll
0x00007ff9fc840000 - 0x00007ff9fc866000 	C:\Program Files\Java\jdk-19\bin\java.dll

dbghelp: loaded successfully - version: 4.0.5 - missing functions: none
symbol engine: initialized successfully - sym options: 0x614 - pdb path: .;C:\Program Files\Java\jdk-19\bin;C:\WINDOWS\SYSTEM32;C:\WINDOWS\WinSxS\amd64_microsoft.windows.common-controls_6595b64144ccf1df_6.0.22621.3672_none_2713b9d173822955;C:\Program Files\Java\jdk-19\bin\server

VM Arguments:
jvm_args: -Dfile.encoding=UTF-8 --module-path=D:\Programs\Workspace\NetBeansProjects\Assignment 2\build\classes 
java_command: ui.MainJFrame
java_class_path (initial): C:\Users\Lakshman\Downloads\jcalendar-1.4.jar;D:\Programs\Workspace\NetBeansProjects\Assignment 2\build\classes
Launcher Type: SUN_STANDARD

[Global flags]
     intx CICompilerCount                          = 4                                         {product} {ergonomic}
     uint ConcGCThreads                            = 3                                         {product} {ergonomic}
     uint G1ConcRefinementThreads                  = 10                                        {product} {ergonomic}
   size_t G1HeapRegionSize                         = 2097152                                   {product} {ergonomic}
    uintx GCDrainStackTargetSize                   = 64                                        {product} {ergonomic}
   size_t InitialHeapSize                          = 268435456                                 {product} {ergonomic}
   size_t MarkStackSize                            = 4194304                                   {product} {ergonomic}
   size_t MaxHeapSize                              = 4273995776                                {product} {ergonomic}
   size_t MinHeapDeltaBytes                        = 2097152                                   {product} {ergonomic}
   size_t MinHeapSize                              = 8388608                                   {product} {ergonomic}
    uintx NonNMethodCodeHeapSize                   = 5839372                                {pd product} {ergonomic}
    uintx NonProfiledCodeHeapSize                  = 122909434                              {pd product} {ergonomic}
    uintx ProfiledCodeHeapSize                     = 122909434                              {pd product} {ergonomic}
    uintx ReservedCodeCacheSize                    = 251658240                              {pd product} {ergonomic}
     bool SegmentedCodeCache                       = true                                      {product} {ergonomic}
   size_t SoftMaxHeapSize                          = 4273995776                             {manageable} {ergonomic}
     bool UseCompressedClassPointers               = true                           {product lp64_product} {ergonomic}
     bool UseCompressedOops                        = true                           {product lp64_product} {ergonomic}
     bool UseG1GC                                  = true                                      {product} {ergonomic}
     bool UseLargePagesIndividualAllocation        = false                                  {pd product} {ergonomic}

Logging:
Log output configuration:
 #0: stdout all=warning uptime,level,tags foldmultilines=false
 #1: stderr all=off uptime,level,tags foldmultilines=false

Environment Variables:
JAVA_HOME=C:\Program Files\Java\jdk-13
CLASSPATH=E:\PROGRAMS\JAVA
PATH=C:\Program Files\Common Files\Oracle\Java\javapath;C:\Program Files\NVIDIA GPU Computing Toolkit\CUDA\v10.1\bin;C:\Program Files\NVIDIA GPU Computing Toolkit\CUDA\v10.1\libnvvp;C:\MinGW\bin;C:\MinGW\libexec\gcc\mingw32\6.3.0;C:\Program Files\Java\jdk-13\bin;C:\Program Files (x86)\Common Files\Oracle\Java\javapath;C:\Windows\system32;C:\Windows;C:\Windows\System32\Wbem;C:\Windows\System32\WindowsPowerShell\v1.0\;C:\Windows\System32\OpenSSH\;C:\Program Files (x86)\NVIDIA Corporation\PhysX\Common;C:\Users\Lakshman\AppData\Local\Programs\Python\Python37-32;C:\WINDOWS\system32;C:\WINDOWS;C:\WINDOWS\System32\Wbem;C:\WINDOWS\System32\WindowsPowerShell\v1.0\;C:\WINDOWS\System32\OpenSSH\;C:\Program Files\NVIDIA Corporation\Nsight Compute 2019.4.0\;C:\Android;C:\Program Files\Docker\Docker\resources\bin;C:\ProgramData\DockerDesktop\version-bin;C:\TDM-GCC-64\bin;C:\WINDOWS\system32;C:\WINDOWS;C:\WINDOWS\System32\Wbem;C:\WINDOWS\System32\WindowsPowerShell\v1.0\;C:\WINDOWS\System32\OpenSSH\;C:\Program Files\Crucial\Crucial Storage Executive;C:\Program Files\NVIDIA Corporation\NVIDIA NvDLISR;C:\Program Files\TortoiseHg\;C:\Program Files\Git\cmd;C:\Program Files\nodejs\;C:\Program Files\MySQL\MySQL Shell 8.0\bin\;C:\Users\Lakshman\AppData\Local\Programs\Python\Python39\Scripts\;C:\Users\Lakshman\AppData\Local\Programs\Python\Python39\;C:\Program Files\Java\jdk-13\bin;C:\Users\Lakshman\AppData\Local\Microsoft\WindowsApps;C:\Program Files\JetBrains\PyCharm Community Edition 2023.2\bin;C:\Program Files\heroku\bin;C:\Users\Lakshman\AppData\Local\Microsoft\WindowsApps;C:\Users\Lakshman\AppData\Local\Programs\Microsoft VS Code\bin;C:\Program Files\JetBrains\IntelliJ IDEA 2023.2.1\bin;;C:\Program Files\JetBrains\IntelliJ IDEA Community Edition 2023.2.1\bin;;C:\Users\Lakshman\AppData\Roaming\npm
USERNAME=Lakshman
OS=Windows_NT
PROCESSOR_IDENTIFIER=Intel64 Family 6 Model 158 Stepping 10, GenuineIntel
TMP=C:\Users\Lakshman\AppData\Local\Temp
TEMP=C:\Users\Lakshman\AppData\Local\Temp



---------------  S Y S T E M  ---------------

OS:
 Windows 11 , 64 bit Build 22621 (10.0.22621.3958)
OS uptime: 19 days 5:36 hours
Hyper-V role detected

CPU: total 12 (initial active 12) (6 cores per cpu, 2 threads per core) family 6 model 158 stepping 10 microcode 0xea, cx8, cmov, fxsr, ht, mmx, 3dnowpref, sse, sse2, sse3, ssse3, sse4.1, sse4.2, popcnt, lzcnt, tsc, tscinvbit, avx, avx2, aes, erms, clmul, bmi1, bmi2, adx, fma, vzeroupper, clflush, clflushopt, hv, rdtscp

Memory: 4k page, system-wide physical 16303M (84M free)
TotalPageFile size 46656M (AvailPageFile size 212M)
current process WorkingSet (physical memory assigned to process): 11M, peak: 11M
current process commit charge ("private bytes"): 64M, peak: 320M

vm_info: Java HotSpot(TM) 64-Bit Server VM (19.0.2+7-44) for windows-amd64 JRE (19.0.2+7-44), built on 2022-11-30T18:02:09Z by "mach5one" with MS VC++ 17.1 (VS2022)

END.
